<?xml version="1.0" encoding="UTF-8"?>
<!-- Generated by org.testng.reporters.JUnitReportReporter -->
<testsuite skipped="0" hostname="DESKTOP-6DR2GHM" name="com.test.demo.TestDemo_NoSelenium" tests="1" failures="0" timestamp="2021-01-19T20:43:01 IST" time="0.007" errors="0">
  <testcase name="googletitle" time="0.007" classname="com.test.demo.TestDemo_NoSelenium"/>
  <system-out/>
</testsuite> <!-- com.test.demo.TestDemo_NoSelenium -->
