<?xml version="1.0" encoding="UTF-8"?>
<!-- Generated by org.testng.reporters.JUnitReportReporter -->
<testsuite skipped="0" hostname="DESKTOP-6DR2GHM" name="com.test.demo.Google_title_test" tests="1" failures="0" timestamp="2020-11-10T18:24:54 IST" time="5.569" errors="0">
  <testcase name="google_tiltle_test" time="5.569" classname="com.test.demo.Google_title_test"/>
  <system-out/>
</testsuite> <!-- com.test.demo.Google_title_test -->
