<?xml version="1.0" encoding="UTF-8"?>
<!-- Generated by org.testng.reporters.JUnitReportReporter -->
<testsuite skipped="0" hostname="DESKTOP-6DR2GHM" name="ParallelTestSuit.ParallelTestSuit.testSuitDeatilswithDataProvider" tests="2" failures="0" timestamp="02 Apr 2021 08:43:39 GMT" time="13.191" errors="0">
  <testcase name="search" time="6.245" classname="ParallelTestSuit.ParallelTestSuit.testSuitDeatilswithDataProvider"/>
  <testcase name="search" time="6.946" classname="ParallelTestSuit.ParallelTestSuit.testSuitDeatilswithDataProvider"/>
</testsuite> <!-- ParallelTestSuit.ParallelTestSuit.testSuitDeatilswithDataProvider -->
