<?xml version="1.0" encoding="UTF-8"?>
<!-- Generated by org.testng.reporters.JUnitReportReporter -->
<testsuite skipped="0" hostname="DESKTOP-6DR2GHM" name="ParallelTestSuit.ParallelTestSuit.MultipleValueswithDP" tests="3" failures="0" timestamp="02 Apr 2021 09:37:24 GMT" time="19.888" errors="0">
  <testcase name="search" time="5.164" classname="ParallelTestSuit.ParallelTestSuit.MultipleValueswithDP"/>
  <testcase name="search" time="8.894" classname="ParallelTestSuit.ParallelTestSuit.MultipleValueswithDP"/>
  <testcase name="search" time="5.830" classname="ParallelTestSuit.ParallelTestSuit.MultipleValueswithDP"/>
</testsuite> <!-- ParallelTestSuit.ParallelTestSuit.MultipleValueswithDP -->
