<?xml version="1.0" encoding="UTF-8"?>
<!-- Generated by org.testng.reporters.JUnitReportReporter -->
<testsuite skipped="0" hostname="DESKTOP-6DR2GHM" name="com.qa.test.DemoTest" tests="1" failures="0" timestamp="2020-11-12T12:41:02 IST" time="0.012" errors="0">
  <testcase name="sum2" time="0.012" classname="com.qa.test.DemoTest"/>
  <system-out/>
</testsuite> <!-- com.qa.test.DemoTest -->
