<?xml version="1.0" encoding="UTF-8"?>
<!-- Generated by org.testng.reporters.JUnitReportReporter -->
<testsuite skipped="0" hostname="DESKTOP-6DR2GHM" name="RestAssuredTest.Demo5_ValidateJSOnResponse" tests="5" failures="0" timestamp="01 Feb 2021 10:59:32 GMT" time="18.896" errors="0">
  <testcase name="testStatusCode" time="2.791" classname="RestAssuredTest.Demo5_ValidateJSOnResponse"/>
  <testcase name="test_log_response" time="0.910" classname="RestAssuredTest.Demo5_ValidateJSOnResponse"/>
  <testcase name="test_SingleContent" time="1.650" classname="RestAssuredTest.Demo5_ValidateJSOnResponse"/>
  <testcase name="test_MultiContent" time="0.940" classname="RestAssuredTest.Demo5_ValidateJSOnResponse"/>
  <testcase name="test_Params_Headres" time="12.605" classname="RestAssuredTest.Demo5_ValidateJSOnResponse"/>
</testsuite> <!-- RestAssuredTest.Demo5_ValidateJSOnResponse -->
