<?xml version="1.0" encoding="UTF-8"?>
<!-- Generated by org.testng.reporters.JUnitReportReporter -->
<testsuite skipped="0" hostname="DESKTOP-6DR2GHM" name="DatabaseTesting.DatabaseTesting.databasetesting" tests="1" failures="0" timestamp="2021-02-16T14:14:07 IST" time="0.535" errors="0">
  <testcase name="test" time="0.535" classname="DatabaseTesting.DatabaseTesting.databasetesting"/>
  <system-out/>
</testsuite> <!-- DatabaseTesting.DatabaseTesting.databasetesting -->
