<?xml version="1.0" encoding="UTF-8"?>
<!-- Generated by org.testng.reporters.JUnitReportReporter -->
<testsuite skipped="0" hostname="DESKTOP-6DR2GHM" name="verifyValidlogin" tests="1" failures="0" timestamp="03 Mar 2021 14:06:27 GMT" time="9.919" errors="0">
  <testcase name="checkValiduser" time="9.919" classname="verifyValidlogin"/>
</testsuite> <!-- verifyValidlogin -->
