<?xml version="1.0" encoding="UTF-8"?>
<!-- Generated by org.testng.reporters.JUnitReportReporter -->
<testsuite skipped="0" hostname="DESKTOP-6DR2GHM" name="registrationTest" tests="1" failures="0" timestamp="04 Mar 2021 06:42:06 GMT" time="8.422" errors="0">
  <testcase name="verifyRegistrationpage" time="8.422" classname="registrationTest"/>
</testsuite> <!-- registrationTest -->
