<?xml version="1.0" encoding="UTF-8"?>
<!-- Generated by org.testng.reporters.JUnitReportReporter -->
<testsuite skipped="0" hostname="DESKTOP-6DR2GHM" name="GetApi.TC_003_Get_request" tests="1" failures="0" timestamp="20 Jan 2021 08:41:29 GMT" time="6.160" errors="0">
  <testcase name="GoogleMapApi" time="6.160" classname="GetApi.TC_003_Get_request"/>
</testsuite> <!-- GetApi.TC_003_Get_request -->
