<?xml version="1.0" encoding="UTF-8"?>
<!-- Generated by org.testng.reporters.JUnitReportReporter -->
<testsuite skipped="0" hostname="DESKTOP-6DR2GHM" name="GetApi.GetRequest_printHeaders" tests="1" failures="0" timestamp="20 Jan 2021 08:55:44 GMT" time="5.383" errors="0">
  <testcase name="getweatherdetails" time="5.383" classname="GetApi.GetRequest_printHeaders"/>
</testsuite> <!-- GetApi.GetRequest_printHeaders -->
