<?xml version="1.0" encoding="UTF-8"?>
<!-- Generated by org.testng.reporters.JUnitReportReporter -->
<testsuite skipped="0" hostname="DESKTOP-6DR2GHM" name="GetApi.TC001_Get_Request" tests="1" failures="0" timestamp="20 Jan 2021 07:46:29 GMT" time="2.638" errors="0">
  <testcase name="getweatherDetails" time="2.638" classname="GetApi.TC001_Get_Request"/>
</testsuite> <!-- GetApi.TC001_Get_Request -->
